<?xml version="1.0" encoding="UTF-8"?>
<!-- Generated by org.testng.reporters.JUnitReportReporter -->
<testsuite skipped="0" hostname="DESKTOP-J6HJ9OT" name="in.amazon.test.DemoAmazonPageFactory" tests="1" failures="0" timestamp="14 May 2019 19:37:36 GMT" time="11.676" errors="0">
  <testcase name="searchProduct" time="11.676" classname="in.amazon.test.DemoAmazonPageFactory"/>
</testsuite> <!-- in.amazon.test.DemoAmazonPageFactory -->
