<?xml version="1.0" encoding="UTF-8"?>
<!-- Generated by org.testng.reporters.JUnitReportReporter -->
<testsuite skipped="0" hostname="DESKTOP-J6HJ9OT" name="demo.DemoAmazonPOM2Style" tests="1" failures="0" timestamp="20 May 2019 19:55:41 GMT" time="3.917" errors="0">
  <testcase name="searchProduct" time="3.917" classname="demo.DemoAmazonPOM2Style"/>
</testsuite> <!-- demo.DemoAmazonPOM2Style -->
