<?xml version="1.0" encoding="UTF-8"?>
<!-- Generated by org.testng.reporters.JUnitReportReporter -->
<testsuite skipped="0" hostname="DESKTOP-J6HJ9OT" name="in.amazon.test.DemoFoxHomePageTest" tests="3" failures="0" timestamp="19 May 2019 16:47:07 GMT" time="45.894" errors="0">
  <testcase name="VerifyTitleOfThePage" time="2.631" classname="in.amazon.test.DemoFoxHomePageTest"/>
  <testcase name="SignUp" time="5.824" classname="in.amazon.test.DemoFoxHomePageTest"/>
  <testcase name="Home" time="37.439" classname="in.amazon.test.DemoFoxHomePageTest"/>
</testsuite> <!-- in.amazon.test.DemoFoxHomePageTest -->
