<?xml version="1.0" encoding="UTF-8"?>
<!-- Generated by org.testng.reporters.JUnitReportReporter -->
<testsuite skipped="0" hostname="DESKTOP-J6HJ9OT" name="demo.DemoTestReader" tests="1" failures="0" timestamp="20 May 2019 18:11:20 GMT" time="1.744" errors="0">
  <testcase name="login" time="1.744" classname="demo.DemoTestReader"/>
</testsuite> <!-- demo.DemoTestReader -->
